{
  "RSpec": {
    "coverage": {
      "/Users/patrickwhardy/Turing/3module/projects/CragView/app/helpers/application_helper.rb": [
        1,
        null
      ],
      "/Users/patrickwhardy/Turing/3module/projects/CragView/app/helpers/home_helper.rb": [
        1,
        null
      ],
      "/Users/patrickwhardy/Turing/3module/projects/CragView/app/helpers/sessions_helper.rb": [
        1,
        null
      ],
      "/Users/patrickwhardy/Turing/3module/projects/CragView/app/models/crag.rb": [
        1,
        1,
        1,
        null,
        1,
        0,
        null,
        null
      ],
      "/Users/patrickwhardy/Turing/3module/projects/CragView/app/models/panorama.rb": [
        1,
        1,
        1,
        null,
        1,
        0,
        null,
        null
      ],
      "/Users/patrickwhardy/Turing/3module/projects/CragView/app/models/user.rb": [
        1,
        1,
        null,
        1,
        3,
        1,
        1,
        1,
        1,
        1,
        1,
        null,
        3,
        3,
        null,
        null,
        1,
        4,
        4,
        4,
        null,
        null,
        1,
        23,
        null,
        null
      ],
      "/Users/patrickwhardy/Turing/3module/projects/CragView/app/models/xml_parser.rb": [
        1,
        1,
        5,
        5,
        5,
        null,
        5,
        null,
        null,
        null,
        25,
        null,
        null,
        null,
        1,
        25,
        null,
        null
      ],
      "/Users/patrickwhardy/Turing/3module/projects/CragView/app/services/picasa_service.rb": [
        1,
        1,
        8,
        null,
        null,
        1,
        8,
        null,
        null,
        1,
        7,
        7,
        null,
        7,
        null,
        null,
        1,
        6,
        6,
        null,
        null,
        1,
        5,
        5,
        null,
        null
      ],
      "/Users/patrickwhardy/Turing/3module/projects/CragView/app/controllers/application_controller.rb": [
        1,
        1,
        1,
        null,
        1,
        12,
        null,
        null
      ],
      "/Users/patrickwhardy/Turing/3module/projects/CragView/app/controllers/users_controller.rb": [
        1,
        1,
        9,
        null,
        null,
        1,
        1,
        1,
        null,
        null
      ],
      "/Users/patrickwhardy/Turing/3module/projects/CragView/app/controllers/admin/crags_controller.rb": [
        1,
        1,
        4,
        null,
        null,
        1,
        1,
        null,
        null,
        1,
        1,
        1,
        null,
        null,
        1,
        1,
        1,
        1,
        1,
        null,
        0,
        null,
        null,
        null,
        1,
        null,
        1,
        1,
        null,
        null
      ],
      "/Users/patrickwhardy/Turing/3module/projects/CragView/app/controllers/admin/base_controller.rb": [
        1,
        1,
        null,
        1,
        10,
        null,
        null
      ],
      "/Users/patrickwhardy/Turing/3module/projects/CragView/app/controllers/admin/users_controller.rb": [
        1,
        1,
        2,
        null,
        null
      ],
      "/Users/patrickwhardy/Turing/3module/projects/CragView/app/controllers/home_controller.rb": [
        1,
        1,
        5,
        null,
        null
      ],
      "/Users/patrickwhardy/Turing/3module/projects/CragView/app/controllers/crags_controller.rb": [
        1,
        1,
        2,
        0,
        null,
        2,
        null,
        null,
        null,
        1,
        3,
        3,
        null,
        null,
        1,
        2,
        2,
        1,
        1,
        null,
        1,
        1,
        null,
        null,
        null,
        1,
        1,
        null,
        null,
        1,
        null,
        1,
        2,
        null,
        null
      ],
      "/Users/patrickwhardy/Turing/3module/projects/CragView/app/controllers/locators_controller.rb": [
        1,
        1,
        null,
        null
      ],
      "/Users/patrickwhardy/Turing/3module/projects/CragView/app/controllers/sessions_controller.rb": [
        1,
        1,
        2,
        2,
        2,
        2,
        null,
        null,
        1,
        1,
        1,
        1,
        null,
        null
      ],
      "/Users/patrickwhardy/Turing/3module/projects/CragView/app/controllers/api/v1/crags_controller.rb": [
        0,
        0,
        0,
        0,
        0,
        0,
        0,
        0,
        0,
        0,
        0,
        0,
        0
      ],
      "/Users/patrickwhardy/Turing/3module/projects/CragView/app/models/route.rb": [
        0,
        0,
        0
      ]
    },
    "timestamp": 1467401116
  }
}
