{
  "RSpec": {
    "coverage": {
      "/Users/patrickwhardy/Turing/3module/projects/CragView/spec/services/picasa_service_spec.rb": [
        1,
        1,
        1,
        1,
        1,
        1,
        null,
        1,
        1,
        null,
        null,
        1,
        1,
        1,
        null,
        1,
        null,
        null,
        1,
        1,
        1,
        null,
        1,
        1,
        null,
        1,
        null,
        null
      ],
      "/Users/patrickwhardy/Turing/3module/projects/CragView/spec/rails_helper.rb": [
        null,
        1,
        1,
        null,
        1,
        1,
        1,
        1,
        null,
        null,
        null,
        null,
        null,
        null,
        null,
        null,
        null,
        null,
        null,
        null,
        null,
        null,
        null,
        null,
        null,
        null,
        null,
        1,
        null,
        1,
        null,
        1,
        null,
        null,
        null,
        null,
        1,
        null,
        null,
        null,
        null,
        null,
        null,
        null,
        null,
        null,
        null,
        null,
        null,
        null,
        null,
        1,
        null,
        null,
        1,
        null,
        null,
        null
      ],
      "/Users/patrickwhardy/Turing/3module/projects/CragView/config/environment.rb": [
        null,
        1,
        null,
        null,
        1
      ],
      "/Users/patrickwhardy/Turing/3module/projects/CragView/config/application.rb": [
        1,
        null,
        1,
        null,
        null,
        null,
        1,
        null,
        1,
        1,
        null,
        null,
        null,
        null,
        null,
        null,
        null,
        null,
        null,
        null,
        null,
        null,
        null,
        1,
        null,
        null
      ],
      "/Users/patrickwhardy/Turing/3module/projects/CragView/config/boot.rb": [
        1,
        null,
        1
      ],
      "/Users/patrickwhardy/Turing/3module/projects/CragView/config/environments/test.rb": [
        1,
        null,
        null,
        null,
        null,
        null,
        null,
        1,
        null,
        null,
        null,
        null,
        1,
        null,
        null,
        1,
        1,
        null,
        null,
        1,
        1,
        null,
        null,
        1,
        null,
        null,
        1,
        null,
        null,
        null,
        null,
        1,
        null,
        null,
        1,
        null,
        null,
        1,
        null,
        null,
        null,
        null
      ],
      "/Users/patrickwhardy/Turing/3module/projects/CragView/config/initializers/assets.rb": [
        null,
        null,
        null,
        1,
        null,
        null,
        null,
        null,
        null,
        null,
        null
      ],
      "/Users/patrickwhardy/Turing/3module/projects/CragView/config/initializers/backtrace_silencers.rb": [
        null,
        null,
        null,
        null,
        null,
        null,
        null
      ],
      "/Users/patrickwhardy/Turing/3module/projects/CragView/config/initializers/cookies_serializer.rb": [
        null,
        null,
        1
      ],
      "/Users/patrickwhardy/Turing/3module/projects/CragView/config/initializers/filter_parameter_logging.rb": [
        null,
        null,
        null,
        1
      ],
      "/Users/patrickwhardy/Turing/3module/projects/CragView/config/initializers/inflections.rb": [
        null,
        null,
        null,
        null,
        null,
        null,
        null,
        null,
        null,
        null,
        null,
        null,
        null,
        null,
        null,
        null
      ],
      "/Users/patrickwhardy/Turing/3module/projects/CragView/config/initializers/mime_types.rb": [
        null,
        null,
        null,
        null
      ],
      "/Users/patrickwhardy/Turing/3module/projects/CragView/config/initializers/omniauth.rb": [
        1,
        null,
        1,
        1,
        null
      ],
      "/Users/patrickwhardy/Turing/3module/projects/CragView/config/initializers/session_store.rb": [
        null,
        null,
        1
      ],
      "/Users/patrickwhardy/Turing/3module/projects/CragView/config/initializers/wrap_parameters.rb": [
        null,
        null,
        null,
        null,
        null,
        null,
        1,
        1,
        null,
        null,
        null,
        null,
        null,
        null
      ],
      "/Users/patrickwhardy/Turing/3module/projects/CragView/config/routes.rb": [
        1,
        1,
        1,
        1,
        null,
        1,
        1,
        null,
        1,
        null
      ],
      "/Users/patrickwhardy/Turing/3module/projects/CragView/app/helpers/application_helper.rb": [
        1,
        null
      ],
      "/Users/patrickwhardy/Turing/3module/projects/CragView/app/helpers/home_helper.rb": [
        1,
        null
      ],
      "/Users/patrickwhardy/Turing/3module/projects/CragView/app/helpers/sessions_helper.rb": [
        1,
        null
      ],
      "/Users/patrickwhardy/Turing/3module/projects/CragView/app/services/picasa_service.rb": [
        1,
        1,
        3,
        null,
        null,
        1,
        3,
        null,
        null,
        1,
        2,
        2,
        null,
        2,
        null,
        null,
        1,
        1,
        null,
        null
      ]
    },
    "timestamp": 1465362115
  }
}
